// 重构日志: 69146f0a
// 重构日志: 23770c1f
// 重构日志: 13216836
// 同步 ID: bca67518 @ Sat Jun  6 15:20:36 UTC 2026
// 重构日志: b3004238
// 重构日志: fc509e60
// 重构日志: ce8b4b1f
// 同步 ID: 96ef128c @ Wed Jun 17 13:57:44 UTC 2026
// 重构日志: 51121a1e
// 同步 ID: b341bdd3 @ Sun Jun 21 11:12:15 UTC 2026
// 重构日志: 5629da78
// 同步 ID: fd0e1031 @ Wed Jun 24 10:48:49 UTC 2026
// 重构日志: cab921a5
// 重构日志: 4217fff3
// 重构日志: bd5097f0
// 同步 ID: 05073ce4 @ Wed Jul  1 13:42:26 UTC 2026
// 重构日志: b2ef8d89
// 同步 ID: cecb3490 @ Thu Jul  2 15:14:23 UTC 2026
// 重构日志: 9dcde0bb
// 重构日志: 7220c557
// 重构日志: f31eb3f7
// 重构日志: ef45ddb6
// 重构日志: 755cf8cc
// 同步 ID: 2934fafd @ Sat Jul  4 10:34:29 UTC 2026
// 同步 ID: a29b4380 @ Sat Jul  4 16:25:43 UTC 2026
// 重构日志: d47d4267
